M	daytime-server.cc
Your branch is up to date with 'origin/master'.
[master c41657f] Web Server
 Committer: Ishika Agarwal <agarwali@data.cs.purdue.edu>
Your name and email address were configured automatically based
on your username and hostname. Please check that they are accurate.
You can suppress this message by setting them explicitly. Run the
following command and follow the instructions in your editor to edit
your configuration file:

    git config --global --edit

After doing this, you may fix the identity used for this commit with:

    git commit --amend --reset-author

 1 file changed, 17 insertions(+), 17 deletions(-)
M	daytime-server.cc
Your branch is up to date with 'origin/master'.
[master 84251e8] Web Server
 Committer: Ishika Agarwal <agarwali@data.cs.purdue.edu>
Your name and email address were configured automatically based
on your username and hostname. Please check that they are accurate.
You can suppress this message by setting them explicitly. Run the
following command and follow the instructions in your editor to edit
your configuration file:

    git config --global --edit

After doing this, you may fix the identity used for this commit with:

    git commit --amend --reset-author

 1 file changed, 22 insertions(+), 3 deletions(-)
M	daytime-server.cc
Your branch is up to date with 'origin/master'.
[master 9141551] Web Server
 Committer: Ishika Agarwal <agarwali@data.cs.purdue.edu>
Your name and email address were configured automatically based
on your username and hostname. Please check that they are accurate.
You can suppress this message by setting them explicitly. Run the
following command and follow the instructions in your editor to edit
your configuration file:

    git config --global --edit

After doing this, you may fix the identity used for this commit with:

    git commit --amend --reset-author

 1 file changed, 1 insertion(+), 1 deletion(-)
M	Makefile
M	myhttpd.cc
Your branch is up to date with 'origin/master'.
[master 9b3e2df] Web Server
 Committer: Ishika Agarwal <agarwali@data.cs.purdue.edu>
Your name and email address were configured automatically based
on your username and hostname. Please check that they are accurate.
You can suppress this message by setting them explicitly. Run the
following command and follow the instructions in your editor to edit
your configuration file:

    git config --global --edit

After doing this, you may fix the identity used for this commit with:

    git commit --amend --reset-author

 2 files changed, 99 insertions(+), 1 deletion(-)
Your branch is up to date with 'origin/master'.
On branch master
Your branch is up to date with 'origin/master'.

Untracked files:
	.local.git.out
	daytime-client
	daytime-client.o
	daytime-server
	daytime-server.o
	hello.o
	hello.so
	myhttpd
	myhttpd.o
	use-dlopen
	use-dlopen.o

nothing added to commit but untracked files present
Your branch is up to date with 'origin/master'.
On branch master
Your branch is up to date with 'origin/master'.

Untracked files:
	.local.git.out
	daytime-client
	daytime-client.o
	daytime-server
	daytime-server.o
	hello.o
	hello.so
	myhttpd
	myhttpd.o
	use-dlopen
	use-dlopen.o

nothing added to commit but untracked files present
M	myhttpd.cc
Your branch is up to date with 'origin/master'.
[master 0ade888] Web Server
 Committer: Ishika Agarwal <agarwali@data.cs.purdue.edu>
Your name and email address were configured automatically based
on your username and hostname. Please check that they are accurate.
You can suppress this message by setting them explicitly. Run the
following command and follow the instructions in your editor to edit
your configuration file:

    git config --global --edit

After doing this, you may fix the identity used for this commit with:

    git commit --amend --reset-author

 1 file changed, 8 insertions(+), 2 deletions(-)
Your branch is up to date with 'origin/master'.
On branch master
Your branch is up to date with 'origin/master'.

Untracked files:
	.local.git.out
	daytime-client
	daytime-client.o
	daytime-server
	daytime-server.o
	hello.o
	hello.so
	myhttpd
	myhttpd.o
	use-dlopen
	use-dlopen.o

nothing added to commit but untracked files present
M	myhttpd.cc
Your branch is up to date with 'origin/master'.
[master 2e11152] Web Server
 Committer: Ishika Agarwal <agarwali@data.cs.purdue.edu>
Your name and email address were configured automatically based
on your username and hostname. Please check that they are accurate.
You can suppress this message by setting them explicitly. Run the
following command and follow the instructions in your editor to edit
your configuration file:

    git config --global --edit

After doing this, you may fix the identity used for this commit with:

    git commit --amend --reset-author

 1 file changed, 1 insertion(+), 9 deletions(-)
M	myhttpd.cc
Your branch is up to date with 'origin/master'.
[master 597f096] Web Server
 Committer: Ishika Agarwal <agarwali@data.cs.purdue.edu>
Your name and email address were configured automatically based
on your username and hostname. Please check that they are accurate.
You can suppress this message by setting them explicitly. Run the
following command and follow the instructions in your editor to edit
your configuration file:

    git config --global --edit

After doing this, you may fix the identity used for this commit with:

    git commit --amend --reset-author

 1 file changed, 6 insertions(+), 1 deletion(-)
M	myhttpd.cc
Your branch is up to date with 'origin/master'.
[master 643b849] Web Server
 Committer: Ishika Agarwal <agarwali@data.cs.purdue.edu>
Your name and email address were configured automatically based
on your username and hostname. Please check that they are accurate.
You can suppress this message by setting them explicitly. Run the
following command and follow the instructions in your editor to edit
your configuration file:

    git config --global --edit

After doing this, you may fix the identity used for this commit with:

    git commit --amend --reset-author

 1 file changed, 21 insertions(+)
M	myhttpd.cc
Your branch is up to date with 'origin/master'.
[master a230071] Web Server
 Committer: Ishika Agarwal <agarwali@data.cs.purdue.edu>
Your name and email address were configured automatically based
on your username and hostname. Please check that they are accurate.
You can suppress this message by setting them explicitly. Run the
following command and follow the instructions in your editor to edit
your configuration file:

    git config --global --edit

After doing this, you may fix the identity used for this commit with:

    git commit --amend --reset-author

 1 file changed, 1 insertion(+), 1 deletion(-)
M	myhttpd.cc
Your branch is up to date with 'origin/master'.
[master fd393b9] Web Server
 Committer: Ishika Agarwal <agarwali@data.cs.purdue.edu>
Your name and email address were configured automatically based
on your username and hostname. Please check that they are accurate.
You can suppress this message by setting them explicitly. Run the
following command and follow the instructions in your editor to edit
your configuration file:

    git config --global --edit

After doing this, you may fix the identity used for this commit with:

    git commit --amend --reset-author

 1 file changed, 5 insertions(+)
M	myhttpd.cc
Your branch is up to date with 'origin/master'.
[master b4b7bc8] Web Server
 Committer: Ishika Agarwal <agarwali@data.cs.purdue.edu>
Your name and email address were configured automatically based
on your username and hostname. Please check that they are accurate.
You can suppress this message by setting them explicitly. Run the
following command and follow the instructions in your editor to edit
your configuration file:

    git config --global --edit

After doing this, you may fix the identity used for this commit with:

    git commit --amend --reset-author

 1 file changed, 2 insertions(+)
Your branch is up to date with 'origin/master'.
On branch master
Your branch is up to date with 'origin/master'.

Untracked files:
	.local.git.out
	daytime-client
	daytime-client.o
	daytime-server
	daytime-server.o
	hello.o
	hello.so
	myhttpd
	myhttpd.o
	use-dlopen
	use-dlopen.o

nothing added to commit but untracked files present
Your branch is up to date with 'origin/master'.
On branch master
Your branch is up to date with 'origin/master'.

Untracked files:
	.local.git.out
	daytime-client
	daytime-client.o
	daytime-server
	daytime-server.o
	hello.o
	hello.so
	myhttpd
	myhttpd.o
	use-dlopen
	use-dlopen.o

nothing added to commit but untracked files present
M	myhttpd.cc
Your branch is up to date with 'origin/master'.
[master be8c36a] Web Server
 Committer: Ishika Agarwal <agarwali@data.cs.purdue.edu>
Your name and email address were configured automatically based
on your username and hostname. Please check that they are accurate.
You can suppress this message by setting them explicitly. Run the
following command and follow the instructions in your editor to edit
your configuration file:

    git config --global --edit

After doing this, you may fix the identity used for this commit with:

    git commit --amend --reset-author

 1 file changed, 20 insertions(+), 2 deletions(-)
M	myhttpd.cc
Your branch is up to date with 'origin/master'.
[master fba5669] Web Server
 Committer: Ishika Agarwal <agarwali@data.cs.purdue.edu>
Your name and email address were configured automatically based
on your username and hostname. Please check that they are accurate.
You can suppress this message by setting them explicitly. Run the
following command and follow the instructions in your editor to edit
your configuration file:

    git config --global --edit

After doing this, you may fix the identity used for this commit with:

    git commit --amend --reset-author

 1 file changed, 1 insertion(+), 1 deletion(-)
M	myhttpd.cc
Your branch is up to date with 'origin/master'.
[master cbb4491] Web Server
 Committer: Ishika Agarwal <agarwali@data.cs.purdue.edu>
Your name and email address were configured automatically based
on your username and hostname. Please check that they are accurate.
You can suppress this message by setting them explicitly. Run the
following command and follow the instructions in your editor to edit
your configuration file:

    git config --global --edit

After doing this, you may fix the identity used for this commit with:

    git commit --amend --reset-author

 1 file changed, 23 insertions(+), 1 deletion(-)
M	myhttpd.cc
Your branch is up to date with 'origin/master'.
[master 99ab9d8] Web Server
 Committer: Ishika Agarwal <agarwali@data.cs.purdue.edu>
Your name and email address were configured automatically based
on your username and hostname. Please check that they are accurate.
You can suppress this message by setting them explicitly. Run the
following command and follow the instructions in your editor to edit
your configuration file:

    git config --global --edit

After doing this, you may fix the identity used for this commit with:

    git commit --amend --reset-author

 1 file changed, 46 insertions(+), 6 deletions(-)
Your branch is up to date with 'origin/master'.
On branch master
Your branch is up to date with 'origin/master'.

Untracked files:
	.local.git.out
	daytime-client
	daytime-client.o
	daytime-server
	daytime-server.o
	hello.o
	hello.so
	myhttpd
	myhttpd.o
	use-dlopen
	use-dlopen.o

nothing added to commit but untracked files present
M	myhttpd.cc
Your branch is up to date with 'origin/master'.
[master dfce6b2] Web Server
 Committer: Ishika Agarwal <agarwali@data.cs.purdue.edu>
Your name and email address were configured automatically based
on your username and hostname. Please check that they are accurate.
You can suppress this message by setting them explicitly. Run the
following command and follow the instructions in your editor to edit
your configuration file:

    git config --global --edit

After doing this, you may fix the identity used for this commit with:

    git commit --amend --reset-author

 1 file changed, 9 insertions(+), 6 deletions(-)
Your branch is up to date with 'origin/master'.
On branch master
Your branch is up to date with 'origin/master'.

Untracked files:
	.local.git.out
	daytime-client
	daytime-client.o
	daytime-server
	daytime-server.o
	hello.o
	hello.so
	myhttpd
	myhttpd.o
	use-dlopen
	use-dlopen.o

nothing added to commit but untracked files present
M	myhttpd.cc
Your branch is up to date with 'origin/master'.
[master f66bd6d] Web Server
 Committer: Ishika Agarwal <agarwali@data.cs.purdue.edu>
Your name and email address were configured automatically based
on your username and hostname. Please check that they are accurate.
You can suppress this message by setting them explicitly. Run the
following command and follow the instructions in your editor to edit
your configuration file:

    git config --global --edit

After doing this, you may fix the identity used for this commit with:

    git commit --amend --reset-author

 1 file changed, 1 insertion(+)
M	myhttpd.cc
Your branch is up to date with 'origin/master'.
[master 035216f] Web Server
 Committer: Ishika Agarwal <agarwali@data.cs.purdue.edu>
Your name and email address were configured automatically based
on your username and hostname. Please check that they are accurate.
You can suppress this message by setting them explicitly. Run the
following command and follow the instructions in your editor to edit
your configuration file:

    git config --global --edit

After doing this, you may fix the identity used for this commit with:

    git commit --amend --reset-author

 1 file changed, 2 insertions(+), 1 deletion(-)
Your branch is up to date with 'origin/master'.
On branch master
Your branch is up to date with 'origin/master'.

Untracked files:
	.local.git.out
	daytime-client
	daytime-client.o
	daytime-server
	daytime-server.o
	hello.o
	hello.so
	myhttpd
	myhttpd.o
	use-dlopen
	use-dlopen.o

nothing added to commit but untracked files present
Your branch is up to date with 'origin/master'.
On branch master
Your branch is up to date with 'origin/master'.

Untracked files:
	.local.git.out
	daytime-client
	daytime-client.o
	daytime-server
	daytime-server.o
	hello.o
	hello.so
	myhttpd
	myhttpd.o
	use-dlopen
	use-dlopen.o

nothing added to commit but untracked files present
M	myhttpd.cc
Your branch is up to date with 'origin/master'.
[master 3157f3e] Web Server
 Committer: Ishika Agarwal <agarwali@data.cs.purdue.edu>
Your name and email address were configured automatically based
on your username and hostname. Please check that they are accurate.
You can suppress this message by setting them explicitly. Run the
following command and follow the instructions in your editor to edit
your configuration file:

    git config --global --edit

After doing this, you may fix the identity used for this commit with:

    git commit --amend --reset-author

 1 file changed, 9 insertions(+), 9 deletions(-)
Your branch is up to date with 'origin/master'.
On branch master
Your branch is up to date with 'origin/master'.

Untracked files:
	.local.git.out
	daytime-client
	daytime-client.o
	daytime-server
	daytime-server.o
	hello.o
	hello.so
	myhttpd
	myhttpd.o
	use-dlopen
	use-dlopen.o

nothing added to commit but untracked files present
M	myhttpd.cc
Your branch is up to date with 'origin/master'.
[master 274d726] Web Server
 Committer: Ishika Agarwal <agarwali@data.cs.purdue.edu>
Your name and email address were configured automatically based
on your username and hostname. Please check that they are accurate.
You can suppress this message by setting them explicitly. Run the
following command and follow the instructions in your editor to edit
your configuration file:

    git config --global --edit

After doing this, you may fix the identity used for this commit with:

    git commit --amend --reset-author

 1 file changed, 6 insertions(+), 6 deletions(-)
M	myhttpd.cc
Your branch is up to date with 'origin/master'.
[master b57feaf] Web Server
 Committer: Ishika Agarwal <agarwali@data.cs.purdue.edu>
Your name and email address were configured automatically based
on your username and hostname. Please check that they are accurate.
You can suppress this message by setting them explicitly. Run the
following command and follow the instructions in your editor to edit
your configuration file:

    git config --global --edit

After doing this, you may fix the identity used for this commit with:

    git commit --amend --reset-author

 1 file changed, 6 insertions(+), 5 deletions(-)
M	myhttpd.cc
Your branch is up to date with 'origin/master'.
[master 289ccf2] Web Server
 Committer: Ishika Agarwal <agarwali@data.cs.purdue.edu>
Your name and email address were configured automatically based
on your username and hostname. Please check that they are accurate.
You can suppress this message by setting them explicitly. Run the
following command and follow the instructions in your editor to edit
your configuration file:

    git config --global --edit

After doing this, you may fix the identity used for this commit with:

    git commit --amend --reset-author

 1 file changed, 8 insertions(+), 1 deletion(-)
M	myhttpd.cc
Your branch is up to date with 'origin/master'.
[master 90e66cb] Web Server
 Committer: Ishika Agarwal <agarwali@data.cs.purdue.edu>
Your name and email address were configured automatically based
on your username and hostname. Please check that they are accurate.
You can suppress this message by setting them explicitly. Run the
following command and follow the instructions in your editor to edit
your configuration file:

    git config --global --edit

After doing this, you may fix the identity used for this commit with:

    git commit --amend --reset-author

 1 file changed, 4 insertions(+)
M	myhttpd.cc
Your branch is up to date with 'origin/master'.
[master 848a4dc] Web Server
 Committer: Ishika Agarwal <agarwali@data.cs.purdue.edu>
Your name and email address were configured automatically based
on your username and hostname. Please check that they are accurate.
You can suppress this message by setting them explicitly. Run the
following command and follow the instructions in your editor to edit
your configuration file:

    git config --global --edit

After doing this, you may fix the identity used for this commit with:

    git commit --amend --reset-author

 1 file changed, 30 insertions(+)
M	myhttpd.cc
Your branch is up to date with 'origin/master'.
[master ba8ae6c] Web Server
 Committer: Ishika Agarwal <agarwali@data.cs.purdue.edu>
Your name and email address were configured automatically based
on your username and hostname. Please check that they are accurate.
You can suppress this message by setting them explicitly. Run the
following command and follow the instructions in your editor to edit
your configuration file:

    git config --global --edit

After doing this, you may fix the identity used for this commit with:

    git commit --amend --reset-author

 1 file changed, 3 insertions(+), 1 deletion(-)
M	myhttpd.cc
Your branch is up to date with 'origin/master'.
[master e61362b] Web Server
 Committer: Ishika Agarwal <agarwali@data.cs.purdue.edu>
Your name and email address were configured automatically based
on your username and hostname. Please check that they are accurate.
You can suppress this message by setting them explicitly. Run the
following command and follow the instructions in your editor to edit
your configuration file:

    git config --global --edit

After doing this, you may fix the identity used for this commit with:

    git commit --amend --reset-author

 1 file changed, 3 insertions(+)
M	myhttpd.cc
Your branch is up to date with 'origin/master'.
[master 7f6cf6e] Web Server
 Committer: Ishika Agarwal <agarwali@data.cs.purdue.edu>
Your name and email address were configured automatically based
on your username and hostname. Please check that they are accurate.
You can suppress this message by setting them explicitly. Run the
following command and follow the instructions in your editor to edit
your configuration file:

    git config --global --edit

After doing this, you may fix the identity used for this commit with:

    git commit --amend --reset-author

 1 file changed, 1 insertion(+)
M	myhttpd.cc
Your branch is up to date with 'origin/master'.
[master 4c828f9] Web Server
 Committer: Ishika Agarwal <agarwali@data.cs.purdue.edu>
Your name and email address were configured automatically based
on your username and hostname. Please check that they are accurate.
You can suppress this message by setting them explicitly. Run the
following command and follow the instructions in your editor to edit
your configuration file:

    git config --global --edit

After doing this, you may fix the identity used for this commit with:

    git commit --amend --reset-author

 1 file changed, 3 insertions(+), 3 deletions(-)
M	myhttpd.cc
Your branch is up to date with 'origin/master'.
[master 3784815] Web Server
 Committer: Ishika Agarwal <agarwali@data.cs.purdue.edu>
Your name and email address were configured automatically based
on your username and hostname. Please check that they are accurate.
You can suppress this message by setting them explicitly. Run the
following command and follow the instructions in your editor to edit
your configuration file:

    git config --global --edit

After doing this, you may fix the identity used for this commit with:

    git commit --amend --reset-author

 1 file changed, 3 insertions(+), 3 deletions(-)
Your branch is up to date with 'origin/master'.
On branch master
Your branch is up to date with 'origin/master'.

Untracked files:
	.local.git.out
	daytime-client
	daytime-client.o
	daytime-server
	daytime-server.o
	hello.o
	hello.so
	myhttpd
	myhttpd.o
	use-dlopen
	use-dlopen.o

nothing added to commit but untracked files present
M	myhttpd.cc
Your branch is up to date with 'origin/master'.
[master 4be9850] Web Server
 Committer: Ishika Agarwal <agarwali@data.cs.purdue.edu>
Your name and email address were configured automatically based
on your username and hostname. Please check that they are accurate.
You can suppress this message by setting them explicitly. Run the
following command and follow the instructions in your editor to edit
your configuration file:

    git config --global --edit

After doing this, you may fix the identity used for this commit with:

    git commit --amend --reset-author

 1 file changed, 1 insertion(+), 1 deletion(-)
Your branch is up to date with 'origin/master'.
On branch master
Your branch is up to date with 'origin/master'.

Untracked files:
	.local.git.out
	daytime-client
	daytime-client.o
	daytime-server
	daytime-server.o
	hello.o
	hello.so
	myhttpd
	myhttpd.o
	use-dlopen
	use-dlopen.o

nothing added to commit but untracked files present
M	myhttpd.cc
Your branch is up to date with 'origin/master'.
[master 4638ed1] Web Server
 Committer: Ishika Agarwal <agarwali@data.cs.purdue.edu>
Your name and email address were configured automatically based
on your username and hostname. Please check that they are accurate.
You can suppress this message by setting them explicitly. Run the
following command and follow the instructions in your editor to edit
your configuration file:

    git config --global --edit

After doing this, you may fix the identity used for this commit with:

    git commit --amend --reset-author

 1 file changed, 1 insertion(+), 1 deletion(-)
Your branch is up to date with 'origin/master'.
On branch master
Your branch is up to date with 'origin/master'.

Untracked files:
	.local.git.out
	daytime-client
	daytime-client.o
	daytime-server
	daytime-server.o
	hello.o
	hello.so
	myhttpd
	myhttpd.o
	password.txt
	use-dlopen
	use-dlopen.o

nothing added to commit but untracked files present
M	myhttpd.cc
Your branch is up to date with 'origin/master'.
[master 629ef04] Web Server
 Committer: Ishika Agarwal <agarwali@data.cs.purdue.edu>
Your name and email address were configured automatically based
on your username and hostname. Please check that they are accurate.
You can suppress this message by setting them explicitly. Run the
following command and follow the instructions in your editor to edit
your configuration file:

    git config --global --edit

After doing this, you may fix the identity used for this commit with:

    git commit --amend --reset-author

 1 file changed, 5 insertions(+), 4 deletions(-)
M	myhttpd.cc
Your branch is up to date with 'origin/master'.
[master b653199] Web Server
 Committer: Ishika Agarwal <agarwali@data.cs.purdue.edu>
Your name and email address were configured automatically based
on your username and hostname. Please check that they are accurate.
You can suppress this message by setting them explicitly. Run the
following command and follow the instructions in your editor to edit
your configuration file:

    git config --global --edit

After doing this, you may fix the identity used for this commit with:

    git commit --amend --reset-author

 1 file changed, 7 insertions(+), 1 deletion(-)
M	myhttpd.cc
Your branch is up to date with 'origin/master'.
[master b68044b] Web Server
 Committer: Ishika Agarwal <agarwali@data.cs.purdue.edu>
Your name and email address were configured automatically based
on your username and hostname. Please check that they are accurate.
You can suppress this message by setting them explicitly. Run the
following command and follow the instructions in your editor to edit
your configuration file:

    git config --global --edit

After doing this, you may fix the identity used for this commit with:

    git commit --amend --reset-author

 1 file changed, 41 insertions(+), 3 deletions(-)
M	myhttpd.cc
Your branch is up to date with 'origin/master'.
[master 8d2680f] Web Server
 Committer: Ishika Agarwal <agarwali@data.cs.purdue.edu>
Your name and email address were configured automatically based
on your username and hostname. Please check that they are accurate.
You can suppress this message by setting them explicitly. Run the
following command and follow the instructions in your editor to edit
your configuration file:

    git config --global --edit

After doing this, you may fix the identity used for this commit with:

    git commit --amend --reset-author

 1 file changed, 46 insertions(+), 1 deletion(-)
M	Makefile
M	myhttpd.cc
Your branch is up to date with 'origin/master'.
[master 6191057] Web Server
 Committer: Ishika Agarwal <agarwali@data.cs.purdue.edu>
Your name and email address were configured automatically based
on your username and hostname. Please check that they are accurate.
You can suppress this message by setting them explicitly. Run the
following command and follow the instructions in your editor to edit
your configuration file:

    git config --global --edit

After doing this, you may fix the identity used for this commit with:

    git commit --amend --reset-author

 2 files changed, 51 insertions(+), 2 deletions(-)
Your branch is up to date with 'origin/master'.
On branch master
Your branch is up to date with 'origin/master'.

Untracked files:
	.local.git.out
	daytime-client
	daytime-client.o
	daytime-server
	daytime-server.o
	hello.o
	hello.so
	myhttpd
	myhttpd.o
	password.txt
	use-dlopen
	use-dlopen.o

nothing added to commit but untracked files present
M	myhttpd.cc
Your branch is up to date with 'origin/master'.
[master baa32e2] Web Server
 Committer: Ishika Agarwal <agarwali@data.cs.purdue.edu>
Your name and email address were configured automatically based
on your username and hostname. Please check that they are accurate.
You can suppress this message by setting them explicitly. Run the
following command and follow the instructions in your editor to edit
your configuration file:

    git config --global --edit

After doing this, you may fix the identity used for this commit with:

    git commit --amend --reset-author

 1 file changed, 1 insertion(+), 2 deletions(-)
M	myhttpd.cc
Your branch is up to date with 'origin/master'.
[master a80fcdd] Web Server
 Committer: Ishika Agarwal <agarwali@data.cs.purdue.edu>
Your name and email address were configured automatically based
on your username and hostname. Please check that they are accurate.
You can suppress this message by setting them explicitly. Run the
following command and follow the instructions in your editor to edit
your configuration file:

    git config --global --edit

After doing this, you may fix the identity used for this commit with:

    git commit --amend --reset-author

 1 file changed, 1 insertion(+), 1 deletion(-)
M	myhttpd.cc
Your branch is up to date with 'origin/master'.
[master 9cfd095] Web Server
 Committer: Ishika Agarwal <agarwali@data.cs.purdue.edu>
Your name and email address were configured automatically based
on your username and hostname. Please check that they are accurate.
You can suppress this message by setting them explicitly. Run the
following command and follow the instructions in your editor to edit
your configuration file:

    git config --global --edit

After doing this, you may fix the identity used for this commit with:

    git commit --amend --reset-author

 1 file changed, 54 insertions(+), 1 deletion(-)
M	myhttpd.cc
Your branch is up to date with 'origin/master'.
[master 486ac7b] Web Server
 Committer: Ishika Agarwal <agarwali@data.cs.purdue.edu>
Your name and email address were configured automatically based
on your username and hostname. Please check that they are accurate.
You can suppress this message by setting them explicitly. Run the
following command and follow the instructions in your editor to edit
your configuration file:

    git config --global --edit

After doing this, you may fix the identity used for this commit with:

    git commit --amend --reset-author

 1 file changed, 1 insertion(+), 1 deletion(-)
M	myhttpd.cc
Your branch is up to date with 'origin/master'.
[master dcde0cc] Web Server
 Committer: Ishika Agarwal <agarwali@data.cs.purdue.edu>
Your name and email address were configured automatically based
on your username and hostname. Please check that they are accurate.
You can suppress this message by setting them explicitly. Run the
following command and follow the instructions in your editor to edit
your configuration file:

    git config --global --edit

After doing this, you may fix the identity used for this commit with:

    git commit --amend --reset-author

 1 file changed, 1 insertion(+), 1 deletion(-)
M	myhttpd.cc
Your branch is up to date with 'origin/master'.
[master 9447a90] Web Server
 Committer: Ishika Agarwal <agarwali@data.cs.purdue.edu>
Your name and email address were configured automatically based
on your username and hostname. Please check that they are accurate.
You can suppress this message by setting them explicitly. Run the
following command and follow the instructions in your editor to edit
your configuration file:

    git config --global --edit

After doing this, you may fix the identity used for this commit with:

    git commit --amend --reset-author

 1 file changed, 1 insertion(+)
M	myhttpd.cc
Your branch is up to date with 'origin/master'.
[master f0cb66f] Web Server
 Committer: Ishika Agarwal <agarwali@data.cs.purdue.edu>
Your name and email address were configured automatically based
on your username and hostname. Please check that they are accurate.
You can suppress this message by setting them explicitly. Run the
following command and follow the instructions in your editor to edit
your configuration file:

    git config --global --edit

After doing this, you may fix the identity used for this commit with:

    git commit --amend --reset-author

 1 file changed, 1 insertion(+), 1 deletion(-)
M	myhttpd.cc
Your branch is up to date with 'origin/master'.
[master 4bf65b2] Web Server
 Committer: Ishika Agarwal <agarwali@data.cs.purdue.edu>
Your name and email address were configured automatically based
on your username and hostname. Please check that they are accurate.
You can suppress this message by setting them explicitly. Run the
following command and follow the instructions in your editor to edit
your configuration file:

    git config --global --edit

After doing this, you may fix the identity used for this commit with:

    git commit --amend --reset-author

 1 file changed, 2 insertions(+)
M	myhttpd.cc
Your branch is up to date with 'origin/master'.
[master bd23e10] Web Server
 Committer: Ishika Agarwal <agarwali@data.cs.purdue.edu>
Your name and email address were configured automatically based
on your username and hostname. Please check that they are accurate.
You can suppress this message by setting them explicitly. Run the
following command and follow the instructions in your editor to edit
your configuration file:

    git config --global --edit

After doing this, you may fix the identity used for this commit with:

    git commit --amend --reset-author

 1 file changed, 1 insertion(+)
M	Makefile
Your branch is up to date with 'origin/master'.
[master 9185bf5] Web Server
 Committer: Ishika Agarwal <agarwali@data.cs.purdue.edu>
Your name and email address were configured automatically based
on your username and hostname. Please check that they are accurate.
You can suppress this message by setting them explicitly. Run the
following command and follow the instructions in your editor to edit
your configuration file:

    git config --global --edit

After doing this, you may fix the identity used for this commit with:

    git commit --amend --reset-author

 1 file changed, 2 insertions(+), 2 deletions(-)
M	myhttpd.cc
Your branch is up to date with 'origin/master'.
[master 4d864ae] Web Server
 Committer: Ishika Agarwal <agarwali@data.cs.purdue.edu>
Your name and email address were configured automatically based
on your username and hostname. Please check that they are accurate.
You can suppress this message by setting them explicitly. Run the
following command and follow the instructions in your editor to edit
your configuration file:

    git config --global --edit

After doing this, you may fix the identity used for this commit with:

    git commit --amend --reset-author

 1 file changed, 3 insertions(+), 3 deletions(-)
M	myhttpd.cc
Your branch is up to date with 'origin/master'.
[master bc3e399] Web Server
 Committer: Ishika Agarwal <agarwali@data.cs.purdue.edu>
Your name and email address were configured automatically based
on your username and hostname. Please check that they are accurate.
You can suppress this message by setting them explicitly. Run the
following command and follow the instructions in your editor to edit
your configuration file:

    git config --global --edit

After doing this, you may fix the identity used for this commit with:

    git commit --amend --reset-author

 1 file changed, 1 insertion(+)
M	myhttpd.cc
Your branch is up to date with 'origin/master'.
[master 1f780ae] Web Server
 Committer: Ishika Agarwal <agarwali@data.cs.purdue.edu>
Your name and email address were configured automatically based
on your username and hostname. Please check that they are accurate.
You can suppress this message by setting them explicitly. Run the
following command and follow the instructions in your editor to edit
your configuration file:

    git config --global --edit

After doing this, you may fix the identity used for this commit with:

    git commit --amend --reset-author

 1 file changed, 1 insertion(+), 1 deletion(-)
M	myhttpd.cc
Your branch is up to date with 'origin/master'.
[master 00f2e35] Web Server
 Committer: Ishika Agarwal <agarwali@data.cs.purdue.edu>
Your name and email address were configured automatically based
on your username and hostname. Please check that they are accurate.
You can suppress this message by setting them explicitly. Run the
following command and follow the instructions in your editor to edit
your configuration file:

    git config --global --edit

After doing this, you may fix the identity used for this commit with:

    git commit --amend --reset-author

 1 file changed, 1 insertion(+), 1 deletion(-)
M	myhttpd.cc
Your branch is up to date with 'origin/master'.
[master 606b01e] Web Server
 Committer: Ishika Agarwal <agarwali@data.cs.purdue.edu>
Your name and email address were configured automatically based
on your username and hostname. Please check that they are accurate.
You can suppress this message by setting them explicitly. Run the
following command and follow the instructions in your editor to edit
your configuration file:

    git config --global --edit

After doing this, you may fix the identity used for this commit with:

    git commit --amend --reset-author

 1 file changed, 1 insertion(+), 1 deletion(-)
M	myhttpd.cc
Your branch is up to date with 'origin/master'.
[master 313ee33] Web Server
 Committer: Ishika Agarwal <agarwali@data.cs.purdue.edu>
Your name and email address were configured automatically based
on your username and hostname. Please check that they are accurate.
You can suppress this message by setting them explicitly. Run the
following command and follow the instructions in your editor to edit
your configuration file:

    git config --global --edit

After doing this, you may fix the identity used for this commit with:

    git commit --amend --reset-author

 1 file changed, 1 insertion(+)
Your branch is up to date with 'origin/master'.
On branch master
Your branch is up to date with 'origin/master'.

Untracked files:
	.local.git.out
	daytime-client
	daytime-client.o
	daytime-server
	daytime-server.o
	hello.o
	hello.so
	myhttpd
	myhttpd.o
	password.txt
	use-dlopen
	use-dlopen.o

nothing added to commit but untracked files present
M	myhttpd.cc
Your branch is up to date with 'origin/master'.
[master ebfa5e3] Web Server
 Committer: Ishika Agarwal <agarwali@data.cs.purdue.edu>
Your name and email address were configured automatically based
on your username and hostname. Please check that they are accurate.
You can suppress this message by setting them explicitly. Run the
following command and follow the instructions in your editor to edit
your configuration file:

    git config --global --edit

After doing this, you may fix the identity used for this commit with:

    git commit --amend --reset-author

 1 file changed, 1 insertion(+), 1 deletion(-)
M	myhttpd.cc
Your branch is up to date with 'origin/master'.
[master bf1bb8e] Web Server
 Committer: Ishika Agarwal <agarwali@data.cs.purdue.edu>
Your name and email address were configured automatically based
on your username and hostname. Please check that they are accurate.
You can suppress this message by setting them explicitly. Run the
following command and follow the instructions in your editor to edit
your configuration file:

    git config --global --edit

After doing this, you may fix the identity used for this commit with:

    git commit --amend --reset-author

 1 file changed, 1 insertion(+), 1 deletion(-)
M	myhttpd.cc
Your branch is up to date with 'origin/master'.
[master f7654e2] Web Server
 Committer: Ishika Agarwal <agarwali@data.cs.purdue.edu>
Your name and email address were configured automatically based
on your username and hostname. Please check that they are accurate.
You can suppress this message by setting them explicitly. Run the
following command and follow the instructions in your editor to edit
your configuration file:

    git config --global --edit

After doing this, you may fix the identity used for this commit with:

    git commit --amend --reset-author

 1 file changed, 1 insertion(+)
M	myhttpd.cc
Your branch is up to date with 'origin/master'.
[master bf8966c] Web Server
 Committer: Ishika Agarwal <agarwali@data.cs.purdue.edu>
Your name and email address were configured automatically based
on your username and hostname. Please check that they are accurate.
You can suppress this message by setting them explicitly. Run the
following command and follow the instructions in your editor to edit
your configuration file:

    git config --global --edit

After doing this, you may fix the identity used for this commit with:

    git commit --amend --reset-author

 1 file changed, 1 insertion(+), 1 deletion(-)
M	myhttpd.cc
Your branch is up to date with 'origin/master'.
[master bee0a65] Web Server
 Committer: Ishika Agarwal <agarwali@data.cs.purdue.edu>
Your name and email address were configured automatically based
on your username and hostname. Please check that they are accurate.
You can suppress this message by setting them explicitly. Run the
following command and follow the instructions in your editor to edit
your configuration file:

    git config --global --edit

After doing this, you may fix the identity used for this commit with:

    git commit --amend --reset-author

 1 file changed, 1 insertion(+), 1 deletion(-)
M	myhttpd.cc
Your branch is up to date with 'origin/master'.
[master 447b5b4] Web Server
 Committer: Ishika Agarwal <agarwali@data.cs.purdue.edu>
Your name and email address were configured automatically based
on your username and hostname. Please check that they are accurate.
You can suppress this message by setting them explicitly. Run the
following command and follow the instructions in your editor to edit
your configuration file:

    git config --global --edit

After doing this, you may fix the identity used for this commit with:

    git commit --amend --reset-author

 1 file changed, 5 insertions(+), 4 deletions(-)
M	myhttpd.cc
Your branch is up to date with 'origin/master'.
[master fd86680] Web Server
 Committer: Ishika Agarwal <agarwali@data.cs.purdue.edu>
Your name and email address were configured automatically based
on your username and hostname. Please check that they are accurate.
You can suppress this message by setting them explicitly. Run the
following command and follow the instructions in your editor to edit
your configuration file:

    git config --global --edit

After doing this, you may fix the identity used for this commit with:

    git commit --amend --reset-author

 1 file changed, 11 insertions(+), 2 deletions(-)
M	myhttpd.cc
Your branch is up to date with 'origin/master'.
[master bb940c1] Web Server
 Committer: Ishika Agarwal <agarwali@data.cs.purdue.edu>
Your name and email address were configured automatically based
on your username and hostname. Please check that they are accurate.
You can suppress this message by setting them explicitly. Run the
following command and follow the instructions in your editor to edit
your configuration file:

    git config --global --edit

After doing this, you may fix the identity used for this commit with:

    git commit --amend --reset-author

 1 file changed, 7 insertions(+), 5 deletions(-)
M	myhttpd.cc
Your branch is up to date with 'origin/master'.
[master dea0863] Web Server
 Committer: Ishika Agarwal <agarwali@data.cs.purdue.edu>
Your name and email address were configured automatically based
on your username and hostname. Please check that they are accurate.
You can suppress this message by setting them explicitly. Run the
following command and follow the instructions in your editor to edit
your configuration file:

    git config --global --edit

After doing this, you may fix the identity used for this commit with:

    git commit --amend --reset-author

 1 file changed, 6 insertions(+), 2 deletions(-)
M	myhttpd.cc
Your branch is up to date with 'origin/master'.
[master 3fcc231] Web Server
 Committer: Ishika Agarwal <agarwali@data.cs.purdue.edu>
Your name and email address were configured automatically based
on your username and hostname. Please check that they are accurate.
You can suppress this message by setting them explicitly. Run the
following command and follow the instructions in your editor to edit
your configuration file:

    git config --global --edit

After doing this, you may fix the identity used for this commit with:

    git commit --amend --reset-author

 1 file changed, 1 insertion(+)
M	myhttpd.cc
Your branch is up to date with 'origin/master'.
[master 2c63e4d] Web Server
 Committer: Ishika Agarwal <agarwali@data.cs.purdue.edu>
Your name and email address were configured automatically based
on your username and hostname. Please check that they are accurate.
You can suppress this message by setting them explicitly. Run the
following command and follow the instructions in your editor to edit
your configuration file:

    git config --global --edit

After doing this, you may fix the identity used for this commit with:

    git commit --amend --reset-author

 1 file changed, 1 insertion(+), 1 deletion(-)
M	myhttpd.cc
Your branch is up to date with 'origin/master'.
[master 09c06f1] Web Server
 Committer: Ishika Agarwal <agarwali@data.cs.purdue.edu>
Your name and email address were configured automatically based
on your username and hostname. Please check that they are accurate.
You can suppress this message by setting them explicitly. Run the
following command and follow the instructions in your editor to edit
your configuration file:

    git config --global --edit

After doing this, you may fix the identity used for this commit with:

    git commit --amend --reset-author

 1 file changed, 1 insertion(+), 1 deletion(-)
Your branch is up to date with 'origin/master'.
On branch master
Your branch is up to date with 'origin/master'.

Untracked files:
	.local.git.out
	daytime-client
	daytime-client.o
	daytime-server
	daytime-server.o
	hello.o
	hello.so
	myhttpd
	myhttpd.o
	password.txt
	use-dlopen
	use-dlopen.o

nothing added to commit but untracked files present
M	myhttpd.cc
Your branch is up to date with 'origin/master'.
[master 34416f6] Web Server
 Committer: Ishika Agarwal <agarwali@data.cs.purdue.edu>
Your name and email address were configured automatically based
on your username and hostname. Please check that they are accurate.
You can suppress this message by setting them explicitly. Run the
following command and follow the instructions in your editor to edit
your configuration file:

    git config --global --edit

After doing this, you may fix the identity used for this commit with:

    git commit --amend --reset-author

 1 file changed, 2 insertions(+), 2 deletions(-)
M	myhttpd.cc
Your branch is up to date with 'origin/master'.
[master 9414345] Web Server
 Committer: Ishika Agarwal <agarwali@data.cs.purdue.edu>
Your name and email address were configured automatically based
on your username and hostname. Please check that they are accurate.
You can suppress this message by setting them explicitly. Run the
following command and follow the instructions in your editor to edit
your configuration file:

    git config --global --edit

After doing this, you may fix the identity used for this commit with:

    git commit --amend --reset-author

 1 file changed, 2 insertions(+), 2 deletions(-)
M	myhttpd.cc
Your branch is up to date with 'origin/master'.
[master daf31b9] Web Server
 Committer: Ishika Agarwal <agarwali@data.cs.purdue.edu>
Your name and email address were configured automatically based
on your username and hostname. Please check that they are accurate.
You can suppress this message by setting them explicitly. Run the
following command and follow the instructions in your editor to edit
your configuration file:

    git config --global --edit

After doing this, you may fix the identity used for this commit with:

    git commit --amend --reset-author

 1 file changed, 3 insertions(+), 1 deletion(-)
M	myhttpd.cc
Your branch is up to date with 'origin/master'.
[master b37d8a7] Web Server
 Committer: Ishika Agarwal <agarwali@data.cs.purdue.edu>
Your name and email address were configured automatically based
on your username and hostname. Please check that they are accurate.
You can suppress this message by setting them explicitly. Run the
following command and follow the instructions in your editor to edit
your configuration file:

    git config --global --edit

After doing this, you may fix the identity used for this commit with:

    git commit --amend --reset-author

 1 file changed, 10 insertions(+), 13 deletions(-)
M	myhttpd.cc
Your branch is up to date with 'origin/master'.
[master cd3b790] Web Server
 Committer: Ishika Agarwal <agarwali@data.cs.purdue.edu>
Your name and email address were configured automatically based
on your username and hostname. Please check that they are accurate.
You can suppress this message by setting them explicitly. Run the
following command and follow the instructions in your editor to edit
your configuration file:

    git config --global --edit

After doing this, you may fix the identity used for this commit with:

    git commit --amend --reset-author

 1 file changed, 24 insertions(+), 2 deletions(-)
Your branch is up to date with 'origin/master'.
On branch master
Your branch is up to date with 'origin/master'.

Untracked files:
	.local.git.out
	daytime-client
	daytime-client.o
	daytime-server
	daytime-server.o
	hello.o
	hello.so
	http-root-dir/favicon.ico
	myhttpd
	myhttpd.o
	password.txt
	use-dlopen
	use-dlopen.o

nothing added to commit but untracked files present
Your branch is up to date with 'origin/master'.
On branch master
Your branch is up to date with 'origin/master'.

Untracked files:
	.local.git.out
	daytime-client
	daytime-client.o
	daytime-server
	daytime-server.o
	hello.o
	hello.so
	http-root-dir/favicon.ico
	myhttpd
	myhttpd.o
	password.txt
	use-dlopen
	use-dlopen.o

nothing added to commit but untracked files present
M	myhttpd.cc
Your branch is up to date with 'origin/master'.
[master 924834f] Web Server
 Committer: Ishika Agarwal <agarwali@data.cs.purdue.edu>
Your name and email address were configured automatically based
on your username and hostname. Please check that they are accurate.
You can suppress this message by setting them explicitly. Run the
following command and follow the instructions in your editor to edit
your configuration file:

    git config --global --edit

After doing this, you may fix the identity used for this commit with:

    git commit --amend --reset-author

 1 file changed, 2 insertions(+), 2 deletions(-)
M	myhttpd.cc
Your branch is up to date with 'origin/master'.
[master ddd5a0c] Web Server
 Committer: Ishika Agarwal <agarwali@data.cs.purdue.edu>
Your name and email address were configured automatically based
on your username and hostname. Please check that they are accurate.
You can suppress this message by setting them explicitly. Run the
following command and follow the instructions in your editor to edit
your configuration file:

    git config --global --edit

After doing this, you may fix the identity used for this commit with:

    git commit --amend --reset-author

 1 file changed, 102 insertions(+), 27 deletions(-)
M	myhttpd.cc
Your branch is up to date with 'origin/master'.
[master e61c6c6] Web Server
 Committer: Ishika Agarwal <agarwali@data.cs.purdue.edu>
Your name and email address were configured automatically based
on your username and hostname. Please check that they are accurate.
You can suppress this message by setting them explicitly. Run the
following command and follow the instructions in your editor to edit
your configuration file:

    git config --global --edit

After doing this, you may fix the identity used for this commit with:

    git commit --amend --reset-author

 1 file changed, 48 insertions(+), 25 deletions(-)
Your branch is up to date with 'origin/master'.
On branch master
Your branch is up to date with 'origin/master'.

Untracked files:
	.local.git.out
	daytime-client
	daytime-client.o
	daytime-server
	daytime-server.o
	hello.o
	hello.so
	http-root-dir/htdocs/favicon.ico
	myhttpd
	myhttpd.o
	password.txt
	use-dlopen
	use-dlopen.o

nothing added to commit but untracked files present
Your branch is up to date with 'origin/master'.
On branch master
Your branch is up to date with 'origin/master'.

Untracked files:
	.local.git.out
	daytime-client
	daytime-client.o
	daytime-server
	daytime-server.o
	hello.o
	hello.so
	http-root-dir/htdocs/favicon.ico
	myhttpd
	myhttpd.o
	password.txt
	use-dlopen
	use-dlopen.o

nothing added to commit but untracked files present
M	myhttpd.cc
Your branch is up to date with 'origin/master'.
[master d4f18e7] Web Server
 Committer: Ishika Agarwal <agarwali@data.cs.purdue.edu>
Your name and email address were configured automatically based
on your username and hostname. Please check that they are accurate.
You can suppress this message by setting them explicitly. Run the
following command and follow the instructions in your editor to edit
your configuration file:

    git config --global --edit

After doing this, you may fix the identity used for this commit with:

    git commit --amend --reset-author

 1 file changed, 4 insertions(+), 4 deletions(-)
Your branch is up to date with 'origin/master'.
On branch master
Your branch is up to date with 'origin/master'.

Untracked files:
	.local.git.out
	daytime-client
	daytime-client.o
	daytime-server
	daytime-server.o
	hello.o
	hello.so
	http-root-dir/htdocs/favicon.ico
	myhttpd
	myhttpd.o
	password.txt
	use-dlopen
	use-dlopen.o

nothing added to commit but untracked files present
M	myhttpd.cc
Your branch is up to date with 'origin/master'.
[master bcf80b4] Web Server
 Committer: Ishika Agarwal <agarwali@data.cs.purdue.edu>
Your name and email address were configured automatically based
on your username and hostname. Please check that they are accurate.
You can suppress this message by setting them explicitly. Run the
following command and follow the instructions in your editor to edit
your configuration file:

    git config --global --edit

After doing this, you may fix the identity used for this commit with:

    git commit --amend --reset-author

 1 file changed, 3 insertions(+), 1 deletion(-)
M	myhttpd.cc
Your branch is up to date with 'origin/master'.
[master 4b14fd6] Web Server
 Committer: Ishika Agarwal <agarwali@data.cs.purdue.edu>
Your name and email address were configured automatically based
on your username and hostname. Please check that they are accurate.
You can suppress this message by setting them explicitly. Run the
following command and follow the instructions in your editor to edit
your configuration file:

    git config --global --edit

After doing this, you may fix the identity used for this commit with:

    git commit --amend --reset-author

 1 file changed, 3 insertions(+), 1 deletion(-)
M	myhttpd.cc
Your branch is up to date with 'origin/master'.
[master cc75090] Web Server
 Committer: Ishika Agarwal <agarwali@data.cs.purdue.edu>
Your name and email address were configured automatically based
on your username and hostname. Please check that they are accurate.
You can suppress this message by setting them explicitly. Run the
following command and follow the instructions in your editor to edit
your configuration file:

    git config --global --edit

After doing this, you may fix the identity used for this commit with:

    git commit --amend --reset-author

 1 file changed, 1 insertion(+), 1 deletion(-)
M	myhttpd.cc
Your branch is up to date with 'origin/master'.
[master 296efd2] Web Server
 Committer: Ishika Agarwal <agarwali@data.cs.purdue.edu>
Your name and email address were configured automatically based
on your username and hostname. Please check that they are accurate.
You can suppress this message by setting them explicitly. Run the
following command and follow the instructions in your editor to edit
your configuration file:

    git config --global --edit

After doing this, you may fix the identity used for this commit with:

    git commit --amend --reset-author

 1 file changed, 1 insertion(+), 1 deletion(-)
M	http-root-dir/htdocs/index.html
Your branch is up to date with 'origin/master'.
[master 6f41e29] Web Server
 Committer: Ishika Agarwal <agarwali@data.cs.purdue.edu>
Your name and email address were configured automatically based
on your username and hostname. Please check that they are accurate.
You can suppress this message by setting them explicitly. Run the
following command and follow the instructions in your editor to edit
your configuration file:

    git config --global --edit

After doing this, you may fix the identity used for this commit with:

    git commit --amend --reset-author

 1 file changed, 1 insertion(+)
M	myhttpd.cc
Your branch is up to date with 'origin/master'.
[master db04771] Web Server
 Committer: Ishika Agarwal <agarwali@data.cs.purdue.edu>
Your name and email address were configured automatically based
on your username and hostname. Please check that they are accurate.
You can suppress this message by setting them explicitly. Run the
following command and follow the instructions in your editor to edit
your configuration file:

    git config --global --edit

After doing this, you may fix the identity used for this commit with:

    git commit --amend --reset-author

 1 file changed, 4 insertions(+)
M	myhttpd.cc
Your branch is up to date with 'origin/master'.
[master 0b070c6] Web Server
 Committer: Ishika Agarwal <agarwali@data.cs.purdue.edu>
Your name and email address were configured automatically based
on your username and hostname. Please check that they are accurate.
You can suppress this message by setting them explicitly. Run the
following command and follow the instructions in your editor to edit
your configuration file:

    git config --global --edit

After doing this, you may fix the identity used for this commit with:

    git commit --amend --reset-author

 1 file changed, 3 insertions(+), 2 deletions(-)
M	myhttpd.cc
Your branch is up to date with 'origin/master'.
[master de69a03] Web Server
 Committer: Ishika Agarwal <agarwali@data.cs.purdue.edu>
Your name and email address were configured automatically based
on your username and hostname. Please check that they are accurate.
You can suppress this message by setting them explicitly. Run the
following command and follow the instructions in your editor to edit
your configuration file:

    git config --global --edit

After doing this, you may fix the identity used for this commit with:

    git commit --amend --reset-author

 1 file changed, 238 deletions(-)
Your branch is up to date with 'origin/master'.
On branch master
Your branch is up to date with 'origin/master'.

Untracked files:
	.local.git.out
	daytime-client
	daytime-client.o
	daytime-server
	daytime-server.o
	hello.o
	hello.so
	http-root-dir/htdocs/favicon.ico
	http-root-dir/htdocs/textbox.html
	myhttpd
	myhttpd.o
	password.txt
	use-dlopen
	use-dlopen.o

nothing added to commit but untracked files present
